  TitleCamera.cpp
c:\users\walker\desktop\授業用フォルダ\l4_3年\3年後期\ゲームプログラミング実習4\就活用個人制作\3dactionsample\dxlib_game_framework_re\src\math\vector3.h(4): fatal error C1083: include ファイルを開けません。'DxLib.h':No such file or directory
  Enemy.cpp
c:\users\walker\desktop\授業用フォルダ\l4_3年\3年後期\ゲームプログラミング実習4\就活用個人制作\3dactionsample\dxlib_game_framework_re\src\math\vector3.h(4): fatal error C1083: include ファイルを開けません。'DxLib.h':No such file or directory
  main.cpp
  Actor.cpp
c:\users\walker\desktop\授業用フォルダ\l4_3年\3年後期\ゲームプログラミング実習4\就活用個人制作\3dactionsample\dxlib_game_framework_re\src\math\vector3.h(4): fatal error C1083: include ファイルを開けません。'DxLib.h':No such file or directory
  ActorGroupManager.cpp
c:\users\walker\desktop\授業用フォルダ\l4_3年\3年後期\ゲームプログラミング実習4\就活用個人制作\3dactionsample\dxlib_game_framework_re\src\math\vector3.h(4): fatal error C1083: include ファイルを開けません。'DxLib.h':No such file or directory
  ActorManager.cpp
c:\users\walker\desktop\授業用フォルダ\l4_3年\3年後期\ゲームプログラミング実習4\就活用個人制作\3dactionsample\dxlib_game_framework_re\src\math\vector3.h(4): fatal error C1083: include ファイルを開けません。'DxLib.h':No such file or directory
  Body.cpp
c:\users\walker\desktop\授業用フォルダ\l4_3年\3年後期\ゲームプログラミング実習4\就活用個人制作\3dactionsample\dxlib_game_framework_re\src\math\vector3.h(4): fatal error C1083: include ファイルを開けません。'DxLib.h':No such file or directory
  BoundingCapsule.cpp
c:\users\walker\desktop\授業用フォルダ\l4_3年\3年後期\ゲームプログラミング実習4\就活用個人制作\3dactionsample\dxlib_game_framework_re\src\math\vector3.h(4): fatal error C1083: include ファイルを開けません。'DxLib.h':No such file or directory
  BoundingSphere.cpp
c:\users\walker\desktop\授業用フォルダ\l4_3年\3年後期\ゲームプログラミング実習4\就活用個人制作\3dactionsample\dxlib_game_framework_re\src\math\vector3.h(4): fatal error C1083: include ファイルを開けません。'DxLib.h':No such file or directory
  FreeCamera.cpp
c:\users\walker\desktop\授業用フォルダ\l4_3年\3年後期\ゲームプログラミング実習4\就活用個人制作\3dactionsample\dxlib_game_framework_re\src\math\vector3.h(4): fatal error C1083: include ファイルを開けません。'DxLib.h':No such file or directory
  TPCamera.cpp
c:\users\walker\desktop\授業用フォルダ\l4_3年\3年後期\ゲームプログラミング実習4\就活用個人制作\3dactionsample\dxlib_game_framework_re\src\math\vector3.h(4): fatal error C1083: include ファイルを開けません。'DxLib.h':No such file or directory
  DragonBoar.cpp
c:\users\walker\desktop\授業用フォルダ\l4_3年\3年後期\ゲームプログラミング実習4\就活用個人制作\3dactionsample\dxlib_game_framework_re\src\math\vector3.h(4): fatal error C1083: include ファイルを開けません。'DxLib.h':No such file or directory
  EnemyAttack.cpp
c:\users\walker\desktop\授業用フォルダ\l4_3年\3年後期\ゲームプログラミング実習4\就活用個人制作\3dactionsample\dxlib_game_framework_re\src\math\vector3.h(4): fatal error C1083: include ファイルを開けません。'DxLib.h':No such file or directory
  Ghoul.cpp
c:\users\walker\desktop\授業用フォルダ\l4_3年\3年後期\ゲームプログラミング実習4\就活用個人制作\3dactionsample\dxlib_game_framework_re\src\math\vector3.h(4): fatal error C1083: include ファイルを開けません。'DxLib.h':No such file or directory
  Player.cpp
c:\users\walker\desktop\授業用フォルダ\l4_3年\3年後期\ゲームプログラミング実習4\就活用個人制作\3dactionsample\dxlib_game_framework_re\src\math\vector3.h(4): fatal error C1083: include ファイルを開けません。'DxLib.h':No such file or directory
  PlayerAttack.cpp
c:\users\walker\desktop\授業用フォルダ\l4_3年\3年後期\ゲームプログラミング実習4\就活用個人制作\3dactionsample\dxlib_game_framework_re\src\math\vector3.h(4): fatal error C1083: include ファイルを開けません。'DxLib.h':No such file or directory
  PlayerInput.cpp
c:\users\walker\desktop\授業用フォルダ\l4_3年\3年後期\ゲームプログラミング実習4\就活用個人制作\3dactionsample\dxlib_game_framework_re\src\input\gamepad.h(4): fatal error C1083: include ファイルを開けません。'DxLib.h':No such file or directory
  Field.cpp
c:\users\walker\desktop\授業用フォルダ\l4_3年\3年後期\ゲームプログラミング実習4\就活用個人制作\3dactionsample\dxlib_game_framework_re\src\math\vector3.h(4): fatal error C1083: include ファイルを開けません。'DxLib.h':No such file or directory
  Skybox.cpp
c:\users\walker\desktop\授業用フォルダ\l4_3年\3年後期\ゲームプログラミング実習4\就活用個人制作\3dactionsample\dxlib_game_framework_re\src\field\skybox.cpp(2): fatal error C1083: include ファイルを開けません。'DxLib.h':No such file or directory
  ActionSample.cpp
c:\users\walker\desktop\授業用フォルダ\l4_3年\3年後期\ゲームプログラミング実習4\就活用個人制作\3dactionsample\dxlib_game_framework_re\src\math\vector3.h(4): fatal error C1083: include ファイルを開けません。'DxLib.h':No such file or directory
  コンパイル中...
  Game.cpp
c:\users\walker\desktop\授業用フォルダ\l4_3年\3年後期\ゲームプログラミング実習4\就活用個人制作\3dactionsample\dxlib_game_framework_re\src\game\game.cpp(2): fatal error C1083: include ファイルを開けません。'DxLib.h':No such file or directory
  MyGame.cpp
c:\users\walker\desktop\授業用フォルダ\l4_3年\3年後期\ゲームプログラミング実習4\就活用個人制作\3dactionsample\dxlib_game_framework_re\src\math\vector3.h(4): fatal error C1083: include ファイルを開けません。'DxLib.h':No such file or directory
  AnimatedMesh.cpp
c:\users\walker\desktop\授業用フォルダ\l4_3年\3年後期\ゲームプログラミング実習4\就活用個人制作\3dactionsample\dxlib_game_framework_re\src\math\matrix.h(4): fatal error C1083: include ファイルを開けません。'DxLib.h':No such file or directory
  AnimatedSprite.cpp
c:\users\walker\desktop\授業用フォルダ\l4_3年\3年後期\ゲームプログラミング実習4\就活用個人制作\3dactionsample\dxlib_game_framework_re\src\graphic\animatedsprite.cpp(4): fatal error C1083: include ファイルを開けません。'DxLib.h':No such file or directory
  Animation.cpp
c:\users\walker\desktop\授業用フォルダ\l4_3年\3年後期\ゲームプログラミング実習4\就活用個人制作\3dactionsample\dxlib_game_framework_re\src\math\matrix.h(4): fatal error C1083: include ファイルを開けません。'DxLib.h':No such file or directory
  Billboard.cpp
c:\users\walker\desktop\授業用フォルダ\l4_3年\3年後期\ゲームプログラミング実習4\就活用個人制作\3dactionsample\dxlib_game_framework_re\src\graphic\billboard.h(5): fatal error C1083: include ファイルを開けません。'DxLib.h':No such file or directory
  Graphics2D.cpp
c:\users\walker\desktop\授業用フォルダ\l4_3年\3年後期\ゲームプログラミング実習4\就活用個人制作\3dactionsample\dxlib_game_framework_re\src\graphic\graphics2d.cpp(2): fatal error C1083: include ファイルを開けません。'DxLib.h':No such file or directory
  Graphics3D.cpp
c:\users\walker\desktop\授業用フォルダ\l4_3年\3年後期\ゲームプログラミング実習4\就活用個人制作\3dactionsample\dxlib_game_framework_re\src\math\vector3.h(4): fatal error C1083: include ファイルを開けません。'DxLib.h':No such file or directory
  Light.cpp
c:\users\walker\desktop\授業用フォルダ\l4_3年\3年後期\ゲームプログラミング実習4\就活用個人制作\3dactionsample\dxlib_game_framework_re\src\math\vector3.h(4): fatal error C1083: include ファイルを開けません。'DxLib.h':No such file or directory
  ModelAsset.cpp
c:\users\walker\desktop\授業用フォルダ\l4_3年\3年後期\ゲームプログラミング実習4\就活用個人制作\3dactionsample\dxlib_game_framework_re\src\graphic\modelasset.cpp(2): fatal error C1083: include ファイルを開けません。'DxLib.h':No such file or directory
  SkeletalMesh.cpp
c:\users\walker\desktop\授業用フォルダ\l4_3年\3年後期\ゲームプログラミング実習4\就活用個人制作\3dactionsample\dxlib_game_framework_re\src\math\matrix.h(4): fatal error C1083: include ファイルを開けません。'DxLib.h':No such file or directory
  StaticMesh.cpp
c:\users\walker\desktop\授業用フォルダ\l4_3年\3年後期\ゲームプログラミング実習4\就活用個人制作\3dactionsample\dxlib_game_framework_re\src\math\matrix.h(4): fatal error C1083: include ファイルを開けません。'DxLib.h':No such file or directory
  TextureAsset.cpp
c:\users\walker\desktop\授業用フォルダ\l4_3年\3年後期\ゲームプログラミング実習4\就活用個人制作\3dactionsample\dxlib_game_framework_re\src\graphic\textureasset.cpp(2): fatal error C1083: include ファイルを開けません。'DxLib.h':No such file or directory
  GamePad.cpp
c:\users\walker\desktop\授業用フォルダ\l4_3年\3年後期\ゲームプログラミング実習4\就活用個人制作\3dactionsample\dxlib_game_framework_re\src\input\gamepad.h(4): fatal error C1083: include ファイルを開けません。'DxLib.h':No such file or directory
  Keyboard.cpp
c:\users\walker\desktop\授業用フォルダ\l4_3年\3年後期\ゲームプログラミング実習4\就活用個人制作\3dactionsample\dxlib_game_framework_re\src\input\keyboard.h(4): fatal error C1083: include ファイルを開けません。'DxLib.h':No such file or directory
  Mouse.cpp
c:\users\walker\desktop\授業用フォルダ\l4_3年\3年後期\ゲームプログラミング実習4\就活用個人制作\3dactionsample\dxlib_game_framework_re\src\input\mouse.h(4): fatal error C1083: include ファイルを開けません。'DxLib.h':No such file or directory
  Collision.cpp
c:\users\walker\desktop\授業用フォルダ\l4_3年\3年後期\ゲームプログラミング実習4\就活用個人制作\3dactionsample\dxlib_game_framework_re\src\math\collision\collision.cpp(2): fatal error C1083: include ファイルを開けません。'DxLib.h':No such file or directory
  CollisionMesh.cpp
c:\users\walker\desktop\授業用フォルダ\l4_3年\3年後期\ゲームプログラミング実習4\就活用個人制作\3dactionsample\dxlib_game_framework_re\src\math\vector3.h(4): fatal error C1083: include ファイルを開けません。'DxLib.h':No such file or directory
  CollisionTriangle.cpp
c:\users\walker\desktop\授業用フォルダ\l4_3年\3年後期\ゲームプログラミング実習4\就活用個人制作\3dactionsample\dxlib_game_framework_re\src\math\collision\collisiontriangle.h(4): fatal error C1083: include ファイルを開けません。'DxLib.h':No such file or directory
  Color.cpp
  コンパイル中...
  MathHelper.cpp
  Matrix.cpp
c:\users\walker\desktop\授業用フォルダ\l4_3年\3年後期\ゲームプログラミング実習4\就活用個人制作\3dactionsample\dxlib_game_framework_re\src\math\matrix.h(4): fatal error C1083: include ファイルを開けません。'DxLib.h':No such file or directory
  Quaternion.cpp
c:\users\walker\desktop\授業用フォルダ\l4_3年\3年後期\ゲームプログラミング実習4\就活用個人制作\3dactionsample\dxlib_game_framework_re\src\math\vector3.h(4): fatal error C1083: include ファイルを開けません。'DxLib.h':No such file or directory
  Random.cpp
  Vector2.cpp
  Vector3.cpp
c:\users\walker\desktop\授業用フォルダ\l4_3年\3年後期\ゲームプログラミング実習4\就活用個人制作\3dactionsample\dxlib_game_framework_re\src\math\vector3.h(4): fatal error C1083: include ファイルを開けません。'DxLib.h':No such file or directory
  GamePlayManager.cpp
c:\users\walker\desktop\授業用フォルダ\l4_3年\3年後期\ゲームプログラミング実習4\就活用個人制作\3dactionsample\dxlib_game_framework_re\src\math\vector3.h(4): fatal error C1083: include ファイルを開けません。'DxLib.h':No such file or directory
  SceneGamePlay.cpp
c:\users\walker\desktop\授業用フォルダ\l4_3年\3年後期\ゲームプログラミング実習4\就活用個人制作\3dactionsample\dxlib_game_framework_re\src\math\vector3.h(4): fatal error C1083: include ファイルを開けません。'DxLib.h':No such file or directory
  SceneLoading.cpp
c:\users\walker\desktop\授業用フォルダ\l4_3年\3年後期\ゲームプログラミング実習4\就活用個人制作\3dactionsample\dxlib_game_framework_re\src\math\matrix.h(4): fatal error C1083: include ファイルを開けません。'DxLib.h':No such file or directory
  SceneManager.cpp
  SceneNull.cpp
  SceneTitle.cpp
c:\users\walker\desktop\授業用フォルダ\l4_3年\3年後期\ゲームプログラミング実習4\就活用個人制作\3dactionsample\dxlib_game_framework_re\src\math\vector3.h(4): fatal error C1083: include ファイルを開けません。'DxLib.h':No such file or directory
  Sound.cpp
c:\users\walker\desktop\授業用フォルダ\l4_3年\3年後期\ゲームプログラミング実習4\就活用個人制作\3dactionsample\dxlib_game_framework_re\src\sound\sound.cpp(2): fatal error C1083: include ファイルを開けません。'DxLib.h':No such file or directory
  World.cpp
c:\users\walker\desktop\授業用フォルダ\l4_3年\3年後期\ゲームプログラミング実習4\就活用個人制作\3dactionsample\dxlib_game_framework_re\src\math\vector3.h(4): fatal error C1083: include ファイルを開けません。'DxLib.h':No such file or directory
